Job started at 12:58:23
SRR5398235
SRR5398236
File SRR5398235_1.fastq.gz does not exist
File SRR5398236_1.fastq.gz does not exist


2024-09-19T16:58:28 prefetch.3.0.9: Current preference is set to retrieve SRA Normalized Format files with full base quality scores.
2024-09-19T16:58:28 prefetch.3.0.9: Current preference is set to retrieve SRA Normalized Format files with full base quality scores.
2024-09-19T16:58:31 prefetch.3.0.9: 1) Downloading 'SRR5398236'...
2024-09-19T16:58:31 prefetch.3.0.9: SRA Normalized Format file is being retrieved, if this is different from your preference, it may be due to current file availability.
2024-09-19T16:58:31 prefetch.3.0.9:  Downloading via HTTPS...
2024-09-19T16:58:31 prefetch.3.0.9: 1) Downloading 'SRR5398235'...
2024-09-19T16:58:31 prefetch.3.0.9: SRA Normalized Format file is being retrieved, if this is different from your preference, it may be due to current file availability.
2024-09-19T16:58:31 prefetch.3.0.9:  Downloading via HTTPS...
2024-09-19T17:02:39 prefetch.3.0.9:  HTTPS download succeed
2024-09-19T17:03:04 prefetch.3.0.9:  'SRR5398236' is valid
2024-09-19T17:03:04 prefetch.3.0.9: 1) 'SRR5398236' was downloaded successfully
2024-09-19T17:03:17 prefetch.3.0.9: 'SRR5398236' has 80 unresolved dependencies
2024-09-19T17:03:17 prefetch.3.0.9: 2) Downloading 'ncbi-acc:CM000663.1?vdb-ctx=refseq'...
2024-09-19T17:03:17 prefetch.3.0.9:  Downloading via HTTPS...
2024-09-19T17:03:30 prefetch.3.0.9:  HTTPS download succeed
2024-09-19T17:03:30 prefetch.3.0.9: 2) 'ncbi-acc:CM000663.1?vdb-ctx=refseq' was downloaded successfully
2024-09-19T17:03:30 prefetch.3.0.9: 3) Downloading 'ncbi-acc:CM000664.1?vdb-ctx=refseq'...
2024-09-19T17:03:30 prefetch.3.0.9:  Downloading via HTTPS...
2024-09-19T17:03:33 prefetch.3.0.9:  HTTPS download succeed
2024-09-19T17:03:33 prefetch.3.0.9: 3) 'ncbi-acc:CM000664.1?vdb-ctx=refseq' was downloaded successfully
2024-09-19T17:03:33 prefetch.3.0.9: 4) Downloading 'ncbi-acc:CM000665.1?vdb-ctx=refseq'...
2024-09-19T17:03:33 prefetch.3.0.9:  Downloading via HTTPS...
2024-09-19T17:03:36 prefetch.3.0.9:  HTTPS download succeed
2024-09-19T17:03:42 prefetch.3.0.9:  HTTPS download succeed
2024-09-19T17:03:42 prefetch.3.0.9: 4) 'ncbi-acc:CM000665.1?vdb-ctx=refseq' was downloaded successfully
2024-09-19T17:03:42 prefetch.3.0.9: 5) Downloading 'ncbi-acc:CM000666.1?vdb-ctx=refseq'...
2024-09-19T17:03:42 prefetch.3.0.9:  Downloading via HTTPS...
2024-09-19T17:03:46 prefetch.3.0.9:  HTTPS download succeed
2024-09-19T17:03:46 prefetch.3.0.9: 5) 'ncbi-acc:CM000666.1?vdb-ctx=refseq' was downloaded successfully
2024-09-19T17:03:46 prefetch.3.0.9: 6) Downloading 'ncbi-acc:CM000667.1?vdb-ctx=refseq'...
2024-09-19T17:03:46 prefetch.3.0.9:  Downloading via HTTPS...
2024-09-19T17:03:49 prefetch.3.0.9:  HTTPS download succeed
2024-09-19T17:03:49 prefetch.3.0.9: 6) 'ncbi-acc:CM000667.1?vdb-ctx=refseq' was downloaded successfully
2024-09-19T17:03:49 prefetch.3.0.9: 7) Downloading 'ncbi-acc:CM000668.1?vdb-ctx=refseq'...
2024-09-19T17:03:49 prefetch.3.0.9:  Downloading via HTTPS...
2024-09-19T17:03:52 prefetch.3.0.9:  HTTPS download succeed
2024-09-19T17:03:52 prefetch.3.0.9: 7) 'ncbi-acc:CM000668.1?vdb-ctx=refseq' was downloaded successfully
2024-09-19T17:03:52 prefetch.3.0.9: 8) Downloading 'ncbi-acc:CM000669.1?vdb-ctx=refseq'...
2024-09-19T17:03:52 prefetch.3.0.9:  Downloading via HTTPS...
2024-09-19T17:03:56 prefetch.3.0.9:  HTTPS download succeed
2024-09-19T17:03:56 prefetch.3.0.9: 8) 'ncbi-acc:CM000669.1?vdb-ctx=refseq' was downloaded successfully
2024-09-19T17:03:56 prefetch.3.0.9: 9) Downloading 'ncbi-acc:CM000670.1?vdb-ctx=refseq'...
2024-09-19T17:03:56 prefetch.3.0.9:  Downloading via HTTPS...
2024-09-19T17:04:01 prefetch.3.0.9:  HTTPS download succeed
2024-09-19T17:04:01 prefetch.3.0.9: 9) 'ncbi-acc:CM000670.1?vdb-ctx=refseq' was downloaded successfully
2024-09-19T17:04:01 prefetch.3.0.9: 10) Downloading 'ncbi-acc:CM000671.1?vdb-ctx=refseq'...
2024-09-19T17:04:01 prefetch.3.0.9:  Downloading via HTTPS...
2024-09-19T17:04:04 prefetch.3.0.9:  HTTPS download succeed
2024-09-19T17:04:04 prefetch.3.0.9: 10) 'ncbi-acc:CM000671.1?vdb-ctx=refseq' was downloaded successfully
2024-09-19T17:04:04 prefetch.3.0.9: 11) Downloading 'ncbi-acc:CM000672.1?vdb-ctx=refseq'...
2024-09-19T17:04:04 prefetch.3.0.9:  Downloading via HTTPS...
2024-09-19T17:04:06 prefetch.3.0.9:  HTTPS download succeed
2024-09-19T17:04:06 prefetch.3.0.9: 11) 'ncbi-acc:CM000672.1?vdb-ctx=refseq' was downloaded successfully
2024-09-19T17:04:06 prefetch.3.0.9: 12) Downloading 'ncbi-acc:CM000673.1?vdb-ctx=refseq'...
2024-09-19T17:04:06 prefetch.3.0.9:  Downloading via HTTPS...
2024-09-19T17:04:07 prefetch.3.0.9:  'SRR5398235' is valid
2024-09-19T17:04:07 prefetch.3.0.9: 1) 'SRR5398235' was downloaded successfully
2024-09-19T17:04:08 prefetch.3.0.9:  HTTPS download succeed
2024-09-19T17:04:08 prefetch.3.0.9: 12) 'ncbi-acc:CM000673.1?vdb-ctx=refseq' was downloaded successfully
2024-09-19T17:04:08 prefetch.3.0.9: 13) Downloading 'ncbi-acc:CM000674.1?vdb-ctx=refseq'...
2024-09-19T17:04:08 prefetch.3.0.9:  Downloading via HTTPS...
2024-09-19T17:04:10 prefetch.3.0.9:  HTTPS download succeed
2024-09-19T17:04:10 prefetch.3.0.9: 13) 'ncbi-acc:CM000674.1?vdb-ctx=refseq' was downloaded successfully
2024-09-19T17:04:10 prefetch.3.0.9: 14) Downloading 'ncbi-acc:CM000675.1?vdb-ctx=refseq'...
2024-09-19T17:04:10 prefetch.3.0.9:  Downloading via HTTPS...
2024-09-19T17:04:12 prefetch.3.0.9:  HTTPS download succeed
2024-09-19T17:04:12 prefetch.3.0.9: 14) 'ncbi-acc:CM000675.1?vdb-ctx=refseq' was downloaded successfully
2024-09-19T17:04:12 prefetch.3.0.9: 15) Downloading 'ncbi-acc:CM000676.1?vdb-ctx=refseq'...
2024-09-19T17:04:12 prefetch.3.0.9:  Downloading via HTTPS...
2024-09-19T17:04:14 prefetch.3.0.9:  HTTPS download succeed
2024-09-19T17:04:14 prefetch.3.0.9: 15) 'ncbi-acc:CM000676.1?vdb-ctx=refseq' was downloaded successfully
2024-09-19T17:04:14 prefetch.3.0.9: 16) Downloading 'ncbi-acc:CM000677.1?vdb-ctx=refseq'...
2024-09-19T17:04:14 prefetch.3.0.9:  Downloading via HTTPS...
2024-09-19T17:04:16 prefetch.3.0.9:  HTTPS download succeed
2024-09-19T17:04:16 prefetch.3.0.9: 16) 'ncbi-acc:CM000677.1?vdb-ctx=refseq' was downloaded successfully
2024-09-19T17:04:16 prefetch.3.0.9: 17) Downloading 'ncbi-acc:CM000678.1?vdb-ctx=refseq'...
2024-09-19T17:04:16 prefetch.3.0.9:  Downloading via HTTPS...
2024-09-19T17:04:18 prefetch.3.0.9:  HTTPS download succeed
2024-09-19T17:04:18 prefetch.3.0.9: 17) 'ncbi-acc:CM000678.1?vdb-ctx=refseq' was downloaded successfully
2024-09-19T17:04:18 prefetch.3.0.9: 18) Downloading 'ncbi-acc:CM000679.1?vdb-ctx=refseq'...
2024-09-19T17:04:18 prefetch.3.0.9:  Downloading via HTTPS...
2024-09-19T17:04:20 prefetch.3.0.9: 'SRR5398235' has 82 unresolved dependencies
2024-09-19T17:04:20 prefetch.3.0.9: 2) Downloading 'ncbi-acc:CM000663.1?vdb-ctx=refseq'...
2024-09-19T17:04:20 prefetch.3.0.9:  Downloading via HTTPS...
2024-09-19T17:04:20 prefetch.3.0.9:  HTTPS download succeed
2024-09-19T17:04:20 prefetch.3.0.9: 18) 'ncbi-acc:CM000679.1?vdb-ctx=refseq' was downloaded successfully
2024-09-19T17:04:20 prefetch.3.0.9: 19) Downloading 'ncbi-acc:CM000680.1?vdb-ctx=refseq'...
2024-09-19T17:04:20 prefetch.3.0.9:  Downloading via HTTPS...
2024-09-19T17:04:22 prefetch.3.0.9:  HTTPS download succeed
2024-09-19T17:04:22 prefetch.3.0.9: 19) 'ncbi-acc:CM000680.1?vdb-ctx=refseq' was downloaded successfully
2024-09-19T17:04:22 prefetch.3.0.9: 20) Downloading 'ncbi-acc:CM000681.1?vdb-ctx=refseq'...
2024-09-19T17:04:22 prefetch.3.0.9:  Downloading via HTTPS...
2024-09-19T17:04:24 prefetch.3.0.9:  HTTPS download succeed
2024-09-19T17:04:24 prefetch.3.0.9: 20) 'ncbi-acc:CM000681.1?vdb-ctx=refseq' was downloaded successfully
2024-09-19T17:04:24 prefetch.3.0.9: 21) Downloading 'ncbi-acc:CM000682.1?vdb-ctx=refseq'...
2024-09-19T17:04:24 prefetch.3.0.9:  Downloading via HTTPS...
2024-09-19T17:04:24 prefetch.3.0.9:  HTTPS download succeed
2024-09-19T17:04:24 prefetch.3.0.9: 2) 'ncbi-acc:CM000663.1?vdb-ctx=refseq' was downloaded successfully
2024-09-19T17:04:24 prefetch.3.0.9: 3) Downloading 'ncbi-acc:CM000664.1?vdb-ctx=refseq'...
2024-09-19T17:04:24 prefetch.3.0.9:  Downloading via HTTPS...
2024-09-19T17:04:25 prefetch.3.0.9:  HTTPS download succeed
2024-09-19T17:04:25 prefetch.3.0.9: 21) 'ncbi-acc:CM000682.1?vdb-ctx=refseq' was downloaded successfully
2024-09-19T17:04:25 prefetch.3.0.9: 22) Downloading 'ncbi-acc:CM000683.1?vdb-ctx=refseq'...
2024-09-19T17:04:25 prefetch.3.0.9:  Downloading via HTTPS...
2024-09-19T17:04:26 prefetch.3.0.9:  HTTPS download succeed
2024-09-19T17:04:26 prefetch.3.0.9: 22) 'ncbi-acc:CM000683.1?vdb-ctx=refseq' was downloaded successfully
2024-09-19T17:04:26 prefetch.3.0.9: 23) Downloading 'ncbi-acc:CM000684.1?vdb-ctx=refseq'...
2024-09-19T17:04:26 prefetch.3.0.9:  Downloading via HTTPS...
2024-09-19T17:04:27 prefetch.3.0.9:  HTTPS download succeed
2024-09-19T17:04:27 prefetch.3.0.9: 23) 'ncbi-acc:CM000684.1?vdb-ctx=refseq' was downloaded successfully
2024-09-19T17:04:27 prefetch.3.0.9: 24) Downloading 'ncbi-acc:CM000685.1?vdb-ctx=refseq'...
2024-09-19T17:04:27 prefetch.3.0.9:  Downloading via HTTPS...
2024-09-19T17:04:28 prefetch.3.0.9:  HTTPS download succeed
2024-09-19T17:04:28 prefetch.3.0.9: 3) 'ncbi-acc:CM000664.1?vdb-ctx=refseq' was downloaded successfully
2024-09-19T17:04:28 prefetch.3.0.9: 4) Downloading 'ncbi-acc:CM000665.1?vdb-ctx=refseq'...
2024-09-19T17:04:28 prefetch.3.0.9:  Downloading via HTTPS...
2024-09-19T17:04:30 prefetch.3.0.9:  HTTPS download succeed
2024-09-19T17:04:30 prefetch.3.0.9: 24) 'ncbi-acc:CM000685.1?vdb-ctx=refseq' was downloaded successfully
2024-09-19T17:04:30 prefetch.3.0.9: 25) Downloading 'ncbi-acc:CM000686.1?vdb-ctx=refseq'...
2024-09-19T17:04:30 prefetch.3.0.9:  Downloading via HTTPS...
2024-09-19T17:04:30 prefetch.3.0.9:  HTTPS download succeed
2024-09-19T17:04:30 prefetch.3.0.9: 25) 'ncbi-acc:CM000686.1?vdb-ctx=refseq' was downloaded successfully
2024-09-19T17:04:30 prefetch.3.0.9: 26) Downloading 'ncbi-acc:GL000191.1?vdb-ctx=refseq'...
2024-09-19T17:04:30 prefetch.3.0.9:  Downloading via HTTPS...
2024-09-19T17:04:31 prefetch.3.0.9:  HTTPS download succeed
2024-09-19T17:04:31 prefetch.3.0.9: 26) 'ncbi-acc:GL000191.1?vdb-ctx=refseq' was downloaded successfully
2024-09-19T17:04:31 prefetch.3.0.9: 27) Downloading 'ncbi-acc:GL000192.1?vdb-ctx=refseq'...
2024-09-19T17:04:31 prefetch.3.0.9:  Downloading via HTTPS...
2024-09-19T17:04:31 prefetch.3.0.9:  HTTPS download succeed
2024-09-19T17:04:31 prefetch.3.0.9: 4) 'ncbi-acc:CM000665.1?vdb-ctx=refseq' was downloaded successfully
2024-09-19T17:04:31 prefetch.3.0.9: 5) Downloading 'ncbi-acc:CM000666.1?vdb-ctx=refseq'...
2024-09-19T17:04:31 prefetch.3.0.9:  Downloading via HTTPS...
2024-09-19T17:04:31 prefetch.3.0.9:  HTTPS download succeed
2024-09-19T17:04:31 prefetch.3.0.9: 27) 'ncbi-acc:GL000192.1?vdb-ctx=refseq' was downloaded successfully
2024-09-19T17:04:31 prefetch.3.0.9: 28) Downloading 'ncbi-acc:GL000193.1?vdb-ctx=refseq'...
2024-09-19T17:04:31 prefetch.3.0.9:  Downloading via HTTPS...
2024-09-19T17:04:31 prefetch.3.0.9:  HTTPS download succeed
2024-09-19T17:04:31 prefetch.3.0.9: 28) 'ncbi-acc:GL000193.1?vdb-ctx=refseq' was downloaded successfully
2024-09-19T17:04:31 prefetch.3.0.9: 29) Downloading 'ncbi-acc:GL000194.1?vdb-ctx=refseq'...
2024-09-19T17:04:31 prefetch.3.0.9:  Downloading via HTTPS...
2024-09-19T17:04:31 prefetch.3.0.9:  HTTPS download succeed
2024-09-19T17:04:31 prefetch.3.0.9: 29) 'ncbi-acc:GL000194.1?vdb-ctx=refseq' was downloaded successfully
2024-09-19T17:04:31 prefetch.3.0.9: 30) Downloading 'ncbi-acc:GL000195.1?vdb-ctx=refseq'...
2024-09-19T17:04:31 prefetch.3.0.9:  Downloading via HTTPS...
2024-09-19T17:04:31 prefetch.3.0.9:  HTTPS download succeed
2024-09-19T17:04:31 prefetch.3.0.9: 30) 'ncbi-acc:GL000195.1?vdb-ctx=refseq' was downloaded successfully
2024-09-19T17:04:31 prefetch.3.0.9: 31) Downloading 'ncbi-acc:GL000196.1?vdb-ctx=refseq'...
2024-09-19T17:04:31 prefetch.3.0.9:  Downloading via HTTPS...
2024-09-19T17:04:32 prefetch.3.0.9:  HTTPS download succeed
2024-09-19T17:04:32 prefetch.3.0.9: 31) 'ncbi-acc:GL000196.1?vdb-ctx=refseq' was downloaded successfully
2024-09-19T17:04:32 prefetch.3.0.9: 32) Downloading 'ncbi-acc:GL000198.1?vdb-ctx=refseq'...
2024-09-19T17:04:32 prefetch.3.0.9:  Downloading via HTTPS...
2024-09-19T17:04:32 prefetch.3.0.9:  HTTPS download succeed
2024-09-19T17:04:32 prefetch.3.0.9: 32) 'ncbi-acc:GL000198.1?vdb-ctx=refseq' was downloaded successfully
2024-09-19T17:04:32 prefetch.3.0.9: 33) Downloading 'ncbi-acc:GL000199.1?vdb-ctx=refseq'...
2024-09-19T17:04:32 prefetch.3.0.9:  Downloading via HTTPS...
2024-09-19T17:04:32 prefetch.3.0.9:  HTTPS download succeed
2024-09-19T17:04:32 prefetch.3.0.9: 33) 'ncbi-acc:GL000199.1?vdb-ctx=refseq' was downloaded successfully
2024-09-19T17:04:32 prefetch.3.0.9: 34) Downloading 'ncbi-acc:GL000200.1?vdb-ctx=refseq'...
2024-09-19T17:04:32 prefetch.3.0.9:  Downloading via HTTPS...
2024-09-19T17:04:32 prefetch.3.0.9:  HTTPS download succeed
2024-09-19T17:04:32 prefetch.3.0.9: 34) 'ncbi-acc:GL000200.1?vdb-ctx=refseq' was downloaded successfully
2024-09-19T17:04:32 prefetch.3.0.9: 35) Downloading 'ncbi-acc:GL000201.1?vdb-ctx=refseq'...
2024-09-19T17:04:32 prefetch.3.0.9:  Downloading via HTTPS...
2024-09-19T17:04:32 prefetch.3.0.9:  HTTPS download succeed
2024-09-19T17:04:32 prefetch.3.0.9: 35) 'ncbi-acc:GL000201.1?vdb-ctx=refseq' was downloaded successfully
2024-09-19T17:04:32 prefetch.3.0.9: 36) Downloading 'ncbi-acc:GL000202.1?vdb-ctx=refseq'...
2024-09-19T17:04:32 prefetch.3.0.9:  Downloading via HTTPS...
2024-09-19T17:04:32 prefetch.3.0.9:  HTTPS download succeed
2024-09-19T17:04:32 prefetch.3.0.9: 36) 'ncbi-acc:GL000202.1?vdb-ctx=refseq' was downloaded successfully
2024-09-19T17:04:32 prefetch.3.0.9: 37) Downloading 'ncbi-acc:GL000204.1?vdb-ctx=refseq'...
2024-09-19T17:04:32 prefetch.3.0.9:  Downloading via HTTPS...
2024-09-19T17:04:32 prefetch.3.0.9:  HTTPS download succeed
2024-09-19T17:04:32 prefetch.3.0.9: 37) 'ncbi-acc:GL000204.1?vdb-ctx=refseq' was downloaded successfully
2024-09-19T17:04:32 prefetch.3.0.9: 38) Downloading 'ncbi-acc:GL000205.1?vdb-ctx=refseq'...
2024-09-19T17:04:32 prefetch.3.0.9:  Downloading via HTTPS...
2024-09-19T17:04:33 prefetch.3.0.9:  HTTPS download succeed
2024-09-19T17:04:33 prefetch.3.0.9: 38) 'ncbi-acc:GL000205.1?vdb-ctx=refseq' was downloaded successfully
2024-09-19T17:04:33 prefetch.3.0.9: 39) Downloading 'ncbi-acc:GL000206.1?vdb-ctx=refseq'...
2024-09-19T17:04:33 prefetch.3.0.9:  Downloading via HTTPS...
2024-09-19T17:04:33 prefetch.3.0.9:  HTTPS download succeed
2024-09-19T17:04:33 prefetch.3.0.9: 39) 'ncbi-acc:GL000206.1?vdb-ctx=refseq' was downloaded successfully
2024-09-19T17:04:33 prefetch.3.0.9: 40) Downloading 'ncbi-acc:GL000208.1?vdb-ctx=refseq'...
2024-09-19T17:04:33 prefetch.3.0.9:  Downloading via HTTPS...
2024-09-19T17:04:33 prefetch.3.0.9:  HTTPS download succeed
2024-09-19T17:04:33 prefetch.3.0.9: 40) 'ncbi-acc:GL000208.1?vdb-ctx=refseq' was downloaded successfully
2024-09-19T17:04:33 prefetch.3.0.9: 41) Downloading 'ncbi-acc:GL000209.1?vdb-ctx=refseq'...
2024-09-19T17:04:33 prefetch.3.0.9:  Downloading via HTTPS...
2024-09-19T17:04:33 prefetch.3.0.9:  HTTPS download succeed
2024-09-19T17:04:33 prefetch.3.0.9: 41) 'ncbi-acc:GL000209.1?vdb-ctx=refseq' was downloaded successfully
2024-09-19T17:04:33 prefetch.3.0.9: 42) Downloading 'ncbi-acc:GL000210.1?vdb-ctx=refseq'...
2024-09-19T17:04:33 prefetch.3.0.9:  Downloading via HTTPS...
2024-09-19T17:04:33 prefetch.3.0.9:  HTTPS download succeed
2024-09-19T17:04:33 prefetch.3.0.9: 42) 'ncbi-acc:GL000210.1?vdb-ctx=refseq' was downloaded successfully
2024-09-19T17:04:33 prefetch.3.0.9: 43) Downloading 'ncbi-acc:GL000211.1?vdb-ctx=refseq'...
2024-09-19T17:04:33 prefetch.3.0.9:  Downloading via HTTPS...
2024-09-19T17:04:33 prefetch.3.0.9:  HTTPS download succeed
2024-09-19T17:04:33 prefetch.3.0.9: 43) 'ncbi-acc:GL000211.1?vdb-ctx=refseq' was downloaded successfully
2024-09-19T17:04:33 prefetch.3.0.9: 44) Downloading 'ncbi-acc:GL000212.1?vdb-ctx=refseq'...
2024-09-19T17:04:33 prefetch.3.0.9:  Downloading via HTTPS...
2024-09-19T17:04:34 prefetch.3.0.9:  HTTPS download succeed
2024-09-19T17:04:34 prefetch.3.0.9: 44) 'ncbi-acc:GL000212.1?vdb-ctx=refseq' was downloaded successfully
2024-09-19T17:04:34 prefetch.3.0.9: 45) Downloading 'ncbi-acc:GL000213.1?vdb-ctx=refseq'...
2024-09-19T17:04:34 prefetch.3.0.9:  Downloading via HTTPS...
2024-09-19T17:04:34 prefetch.3.0.9:  HTTPS download succeed
2024-09-19T17:04:34 prefetch.3.0.9: 45) 'ncbi-acc:GL000213.1?vdb-ctx=refseq' was downloaded successfully
2024-09-19T17:04:34 prefetch.3.0.9: 46) Downloading 'ncbi-acc:GL000214.1?vdb-ctx=refseq'...
2024-09-19T17:04:34 prefetch.3.0.9:  Downloading via HTTPS...
2024-09-19T17:04:34 prefetch.3.0.9:  HTTPS download succeed
2024-09-19T17:04:34 prefetch.3.0.9: 46) 'ncbi-acc:GL000214.1?vdb-ctx=refseq' was downloaded successfully
2024-09-19T17:04:34 prefetch.3.0.9: 47) Downloading 'ncbi-acc:GL000215.1?vdb-ctx=refseq'...
2024-09-19T17:04:34 prefetch.3.0.9:  Downloading via HTTPS...
2024-09-19T17:04:34 prefetch.3.0.9:  HTTPS download succeed
2024-09-19T17:04:34 prefetch.3.0.9: 47) 'ncbi-acc:GL000215.1?vdb-ctx=refseq' was downloaded successfully
2024-09-19T17:04:34 prefetch.3.0.9: 48) Downloading 'ncbi-acc:GL000216.1?vdb-ctx=refseq'...
2024-09-19T17:04:34 prefetch.3.0.9:  Downloading via HTTPS...
2024-09-19T17:04:34 prefetch.3.0.9:  HTTPS download succeed
2024-09-19T17:04:34 prefetch.3.0.9: 48) 'ncbi-acc:GL000216.1?vdb-ctx=refseq' was downloaded successfully
2024-09-19T17:04:34 prefetch.3.0.9: 49) Downloading 'ncbi-acc:GL000217.1?vdb-ctx=refseq'...
2024-09-19T17:04:34 prefetch.3.0.9:  Downloading via HTTPS...
2024-09-19T17:04:34 prefetch.3.0.9:  HTTPS download succeed
2024-09-19T17:04:34 prefetch.3.0.9: 5) 'ncbi-acc:CM000666.1?vdb-ctx=refseq' was downloaded successfully
2024-09-19T17:04:34 prefetch.3.0.9: 6) Downloading 'ncbi-acc:CM000667.1?vdb-ctx=refseq'...
2024-09-19T17:04:34 prefetch.3.0.9:  Downloading via HTTPS...
2024-09-19T17:04:35 prefetch.3.0.9:  HTTPS download succeed
2024-09-19T17:04:35 prefetch.3.0.9: 49) 'ncbi-acc:GL000217.1?vdb-ctx=refseq' was downloaded successfully
2024-09-19T17:04:35 prefetch.3.0.9: 50) Downloading 'ncbi-acc:GL000218.1?vdb-ctx=refseq'...
2024-09-19T17:04:35 prefetch.3.0.9:  Downloading via HTTPS...
2024-09-19T17:04:35 prefetch.3.0.9:  HTTPS download succeed
2024-09-19T17:04:35 prefetch.3.0.9: 50) 'ncbi-acc:GL000218.1?vdb-ctx=refseq' was downloaded successfully
2024-09-19T17:04:35 prefetch.3.0.9: 51) Downloading 'ncbi-acc:GL000219.1?vdb-ctx=refseq'...
2024-09-19T17:04:35 prefetch.3.0.9:  Downloading via HTTPS...
2024-09-19T17:04:35 prefetch.3.0.9:  HTTPS download succeed
2024-09-19T17:04:35 prefetch.3.0.9: 51) 'ncbi-acc:GL000219.1?vdb-ctx=refseq' was downloaded successfully
2024-09-19T17:04:35 prefetch.3.0.9: 52) Downloading 'ncbi-acc:GL000220.1?vdb-ctx=refseq'...
2024-09-19T17:04:35 prefetch.3.0.9:  Downloading via HTTPS...
2024-09-19T17:04:35 prefetch.3.0.9:  HTTPS download succeed
2024-09-19T17:04:35 prefetch.3.0.9: 52) 'ncbi-acc:GL000220.1?vdb-ctx=refseq' was downloaded successfully
2024-09-19T17:04:35 prefetch.3.0.9: 53) Downloading 'ncbi-acc:GL000221.1?vdb-ctx=refseq'...
2024-09-19T17:04:35 prefetch.3.0.9:  Downloading via HTTPS...
2024-09-19T17:04:35 prefetch.3.0.9:  HTTPS download succeed
2024-09-19T17:04:35 prefetch.3.0.9: 53) 'ncbi-acc:GL000221.1?vdb-ctx=refseq' was downloaded successfully
2024-09-19T17:04:35 prefetch.3.0.9: 54) Downloading 'ncbi-acc:GL000222.1?vdb-ctx=refseq'...
2024-09-19T17:04:35 prefetch.3.0.9:  Downloading via HTTPS...
2024-09-19T17:04:35 prefetch.3.0.9:  HTTPS download succeed
2024-09-19T17:04:35 prefetch.3.0.9: 54) 'ncbi-acc:GL000222.1?vdb-ctx=refseq' was downloaded successfully
2024-09-19T17:04:35 prefetch.3.0.9: 55) Downloading 'ncbi-acc:GL000223.1?vdb-ctx=refseq'...
2024-09-19T17:04:35 prefetch.3.0.9:  Downloading via HTTPS...
2024-09-19T17:04:36 prefetch.3.0.9:  HTTPS download succeed
2024-09-19T17:04:36 prefetch.3.0.9: 55) 'ncbi-acc:GL000223.1?vdb-ctx=refseq' was downloaded successfully
2024-09-19T17:04:36 prefetch.3.0.9: 56) Downloading 'ncbi-acc:GL000224.1?vdb-ctx=refseq'...
2024-09-19T17:04:36 prefetch.3.0.9:  Downloading via HTTPS...
2024-09-19T17:04:36 prefetch.3.0.9:  HTTPS download succeed
2024-09-19T17:04:36 prefetch.3.0.9: 56) 'ncbi-acc:GL000224.1?vdb-ctx=refseq' was downloaded successfully
2024-09-19T17:04:36 prefetch.3.0.9: 57) Downloading 'ncbi-acc:GL000225.1?vdb-ctx=refseq'...
2024-09-19T17:04:36 prefetch.3.0.9:  Downloading via HTTPS...
2024-09-19T17:04:36 prefetch.3.0.9:  HTTPS download succeed
2024-09-19T17:04:36 prefetch.3.0.9: 57) 'ncbi-acc:GL000225.1?vdb-ctx=refseq' was downloaded successfully
2024-09-19T17:04:36 prefetch.3.0.9: 58) Downloading 'ncbi-acc:GL000227.1?vdb-ctx=refseq'...
2024-09-19T17:04:36 prefetch.3.0.9:  Downloading via HTTPS...
2024-09-19T17:04:36 prefetch.3.0.9:  HTTPS download succeed
2024-09-19T17:04:36 prefetch.3.0.9: 58) 'ncbi-acc:GL000227.1?vdb-ctx=refseq' was downloaded successfully
2024-09-19T17:04:36 prefetch.3.0.9: 59) Downloading 'ncbi-acc:GL000228.1?vdb-ctx=refseq'...
2024-09-19T17:04:36 prefetch.3.0.9:  Downloading via HTTPS...
2024-09-19T17:04:36 prefetch.3.0.9:  HTTPS download succeed
2024-09-19T17:04:36 prefetch.3.0.9: 59) 'ncbi-acc:GL000228.1?vdb-ctx=refseq' was downloaded successfully
2024-09-19T17:04:36 prefetch.3.0.9: 60) Downloading 'ncbi-acc:GL000229.1?vdb-ctx=refseq'...
2024-09-19T17:04:36 prefetch.3.0.9:  Downloading via HTTPS...
2024-09-19T17:04:36 prefetch.3.0.9:  HTTPS download succeed
2024-09-19T17:04:36 prefetch.3.0.9: 60) 'ncbi-acc:GL000229.1?vdb-ctx=refseq' was downloaded successfully
2024-09-19T17:04:36 prefetch.3.0.9: 61) Downloading 'ncbi-acc:GL000230.1?vdb-ctx=refseq'...
2024-09-19T17:04:36 prefetch.3.0.9:  Downloading via HTTPS...
2024-09-19T17:04:37 prefetch.3.0.9:  HTTPS download succeed
2024-09-19T17:04:37 prefetch.3.0.9: 61) 'ncbi-acc:GL000230.1?vdb-ctx=refseq' was downloaded successfully
2024-09-19T17:04:37 prefetch.3.0.9: 62) Downloading 'ncbi-acc:GL000231.1?vdb-ctx=refseq'...
2024-09-19T17:04:37 prefetch.3.0.9:  Downloading via HTTPS...
2024-09-19T17:04:37 prefetch.3.0.9:  HTTPS download succeed
2024-09-19T17:04:37 prefetch.3.0.9: 62) 'ncbi-acc:GL000231.1?vdb-ctx=refseq' was downloaded successfully
2024-09-19T17:04:37 prefetch.3.0.9: 63) Downloading 'ncbi-acc:GL000232.1?vdb-ctx=refseq'...
2024-09-19T17:04:37 prefetch.3.0.9:  Downloading via HTTPS...
2024-09-19T17:04:37 prefetch.3.0.9:  HTTPS download succeed
2024-09-19T17:04:37 prefetch.3.0.9: 63) 'ncbi-acc:GL000232.1?vdb-ctx=refseq' was downloaded successfully
2024-09-19T17:04:37 prefetch.3.0.9: 64) Downloading 'ncbi-acc:GL000233.1?vdb-ctx=refseq'...
2024-09-19T17:04:37 prefetch.3.0.9:  Downloading via HTTPS...
2024-09-19T17:04:37 prefetch.3.0.9:  HTTPS download succeed
2024-09-19T17:04:37 prefetch.3.0.9: 64) 'ncbi-acc:GL000233.1?vdb-ctx=refseq' was downloaded successfully
2024-09-19T17:04:37 prefetch.3.0.9: 65) Downloading 'ncbi-acc:GL000234.1?vdb-ctx=refseq'...
2024-09-19T17:04:37 prefetch.3.0.9:  Downloading via HTTPS...
2024-09-19T17:04:37 prefetch.3.0.9:  HTTPS download succeed
2024-09-19T17:04:37 prefetch.3.0.9: 6) 'ncbi-acc:CM000667.1?vdb-ctx=refseq' was downloaded successfully
2024-09-19T17:04:37 prefetch.3.0.9: 7) Downloading 'ncbi-acc:CM000668.1?vdb-ctx=refseq'...
2024-09-19T17:04:37 prefetch.3.0.9:  Downloading via HTTPS...
2024-09-19T17:04:37 prefetch.3.0.9:  HTTPS download succeed
2024-09-19T17:04:37 prefetch.3.0.9: 65) 'ncbi-acc:GL000234.1?vdb-ctx=refseq' was downloaded successfully
2024-09-19T17:04:37 prefetch.3.0.9: 66) Downloading 'ncbi-acc:GL000235.1?vdb-ctx=refseq'...
2024-09-19T17:04:37 prefetch.3.0.9:  Downloading via HTTPS...
2024-09-19T17:04:37 prefetch.3.0.9:  HTTPS download succeed
2024-09-19T17:04:37 prefetch.3.0.9: 66) 'ncbi-acc:GL000235.1?vdb-ctx=refseq' was downloaded successfully
2024-09-19T17:04:37 prefetch.3.0.9: 67) Downloading 'ncbi-acc:GL000236.1?vdb-ctx=refseq'...
2024-09-19T17:04:37 prefetch.3.0.9:  Downloading via HTTPS...
2024-09-19T17:04:37 prefetch.3.0.9:  HTTPS download succeed
2024-09-19T17:04:37 prefetch.3.0.9: 67) 'ncbi-acc:GL000236.1?vdb-ctx=refseq' was downloaded successfully
2024-09-19T17:04:37 prefetch.3.0.9: 68) Downloading 'ncbi-acc:GL000237.1?vdb-ctx=refseq'...
2024-09-19T17:04:37 prefetch.3.0.9:  Downloading via HTTPS...
2024-09-19T17:04:38 prefetch.3.0.9:  HTTPS download succeed
2024-09-19T17:04:38 prefetch.3.0.9: 68) 'ncbi-acc:GL000237.1?vdb-ctx=refseq' was downloaded successfully
2024-09-19T17:04:38 prefetch.3.0.9: 69) Downloading 'ncbi-acc:GL000238.1?vdb-ctx=refseq'...
2024-09-19T17:04:38 prefetch.3.0.9:  Downloading via HTTPS...
2024-09-19T17:04:38 prefetch.3.0.9:  HTTPS download succeed
2024-09-19T17:04:38 prefetch.3.0.9: 69) 'ncbi-acc:GL000238.1?vdb-ctx=refseq' was downloaded successfully
2024-09-19T17:04:38 prefetch.3.0.9: 70) Downloading 'ncbi-acc:GL000239.1?vdb-ctx=refseq'...
2024-09-19T17:04:38 prefetch.3.0.9:  Downloading via HTTPS...
2024-09-19T17:04:38 prefetch.3.0.9:  HTTPS download succeed
2024-09-19T17:04:38 prefetch.3.0.9: 70) 'ncbi-acc:GL000239.1?vdb-ctx=refseq' was downloaded successfully
2024-09-19T17:04:38 prefetch.3.0.9: 71) Downloading 'ncbi-acc:GL000240.1?vdb-ctx=refseq'...
2024-09-19T17:04:38 prefetch.3.0.9:  Downloading via HTTPS...
2024-09-19T17:04:38 prefetch.3.0.9:  HTTPS download succeed
2024-09-19T17:04:38 prefetch.3.0.9: 71) 'ncbi-acc:GL000240.1?vdb-ctx=refseq' was downloaded successfully
2024-09-19T17:04:38 prefetch.3.0.9: 72) Downloading 'ncbi-acc:GL000241.1?vdb-ctx=refseq'...
2024-09-19T17:04:38 prefetch.3.0.9:  Downloading via HTTPS...
2024-09-19T17:04:38 prefetch.3.0.9:  HTTPS download succeed
2024-09-19T17:04:38 prefetch.3.0.9: 72) 'ncbi-acc:GL000241.1?vdb-ctx=refseq' was downloaded successfully
2024-09-19T17:04:38 prefetch.3.0.9: 73) Downloading 'ncbi-acc:GL000242.1?vdb-ctx=refseq'...
2024-09-19T17:04:38 prefetch.3.0.9:  Downloading via HTTPS...
2024-09-19T17:04:38 prefetch.3.0.9:  HTTPS download succeed
2024-09-19T17:04:38 prefetch.3.0.9: 73) 'ncbi-acc:GL000242.1?vdb-ctx=refseq' was downloaded successfully
2024-09-19T17:04:38 prefetch.3.0.9: 74) Downloading 'ncbi-acc:GL000243.1?vdb-ctx=refseq'...
2024-09-19T17:04:38 prefetch.3.0.9:  Downloading via HTTPS...
2024-09-19T17:04:38 prefetch.3.0.9:  HTTPS download succeed
2024-09-19T17:04:38 prefetch.3.0.9: 74) 'ncbi-acc:GL000243.1?vdb-ctx=refseq' was downloaded successfully
2024-09-19T17:04:38 prefetch.3.0.9: 75) Downloading 'ncbi-acc:GL000244.1?vdb-ctx=refseq'...
2024-09-19T17:04:38 prefetch.3.0.9:  Downloading via HTTPS...
2024-09-19T17:04:39 prefetch.3.0.9:  HTTPS download succeed
2024-09-19T17:04:39 prefetch.3.0.9: 75) 'ncbi-acc:GL000244.1?vdb-ctx=refseq' was downloaded successfully
2024-09-19T17:04:39 prefetch.3.0.9: 76) Downloading 'ncbi-acc:GL000245.1?vdb-ctx=refseq'...
2024-09-19T17:04:39 prefetch.3.0.9:  Downloading via HTTPS...
2024-09-19T17:04:39 prefetch.3.0.9:  HTTPS download succeed
2024-09-19T17:04:39 prefetch.3.0.9: 76) 'ncbi-acc:GL000245.1?vdb-ctx=refseq' was downloaded successfully
2024-09-19T17:04:39 prefetch.3.0.9: 77) Downloading 'ncbi-acc:GL000246.1?vdb-ctx=refseq'...
2024-09-19T17:04:39 prefetch.3.0.9:  Downloading via HTTPS...
2024-09-19T17:04:39 prefetch.3.0.9:  HTTPS download succeed
2024-09-19T17:04:39 prefetch.3.0.9: 77) 'ncbi-acc:GL000246.1?vdb-ctx=refseq' was downloaded successfully
2024-09-19T17:04:39 prefetch.3.0.9: 78) Downloading 'ncbi-acc:GL000247.1?vdb-ctx=refseq'...
2024-09-19T17:04:39 prefetch.3.0.9:  Downloading via HTTPS...
2024-09-19T17:04:39 prefetch.3.0.9:  HTTPS download succeed
2024-09-19T17:04:39 prefetch.3.0.9: 78) 'ncbi-acc:GL000247.1?vdb-ctx=refseq' was downloaded successfully
2024-09-19T17:04:39 prefetch.3.0.9: 79) Downloading 'ncbi-acc:GL000248.1?vdb-ctx=refseq'...
2024-09-19T17:04:39 prefetch.3.0.9:  Downloading via HTTPS...
2024-09-19T17:04:39 prefetch.3.0.9:  HTTPS download succeed
2024-09-19T17:04:39 prefetch.3.0.9: 79) 'ncbi-acc:GL000248.1?vdb-ctx=refseq' was downloaded successfully
2024-09-19T17:04:39 prefetch.3.0.9: 80) Downloading 'ncbi-acc:GL000249.1?vdb-ctx=refseq'...
2024-09-19T17:04:39 prefetch.3.0.9:  Downloading via HTTPS...
2024-09-19T17:04:39 prefetch.3.0.9:  HTTPS download succeed
2024-09-19T17:04:39 prefetch.3.0.9: 80) 'ncbi-acc:GL000249.1?vdb-ctx=refseq' was downloaded successfully
2024-09-19T17:04:39 prefetch.3.0.9: 81) Downloading 'ncbi-acc:NC_012920.1?vdb-ctx=refseq'...
2024-09-19T17:04:39 prefetch.3.0.9:  Downloading via HTTPS...
2024-09-19T17:04:39 prefetch.3.0.9:  HTTPS download succeed
2024-09-19T17:04:39 prefetch.3.0.9: 81) 'ncbi-acc:NC_012920.1?vdb-ctx=refseq' was downloaded successfully
2024-09-19T17:04:40 prefetch.3.0.9:  HTTPS download succeed
2024-09-19T17:04:40 prefetch.3.0.9: 7) 'ncbi-acc:CM000668.1?vdb-ctx=refseq' was downloaded successfully
2024-09-19T17:04:40 prefetch.3.0.9: 8) Downloading 'ncbi-acc:CM000669.1?vdb-ctx=refseq'...
2024-09-19T17:04:40 prefetch.3.0.9:  Downloading via HTTPS...
2024-09-19T17:04:43 prefetch.3.0.9:  HTTPS download succeed
2024-09-19T17:04:43 prefetch.3.0.9: 8) 'ncbi-acc:CM000669.1?vdb-ctx=refseq' was downloaded successfully
2024-09-19T17:04:43 prefetch.3.0.9: 9) Downloading 'ncbi-acc:CM000670.1?vdb-ctx=refseq'...
2024-09-19T17:04:43 prefetch.3.0.9:  Downloading via HTTPS...
2024-09-19T17:04:47 prefetch.3.0.9:  HTTPS download succeed
2024-09-19T17:04:47 prefetch.3.0.9: 9) 'ncbi-acc:CM000670.1?vdb-ctx=refseq' was downloaded successfully
2024-09-19T17:04:47 prefetch.3.0.9: 10) Downloading 'ncbi-acc:CM000671.1?vdb-ctx=refseq'...
2024-09-19T17:04:47 prefetch.3.0.9:  Downloading via HTTPS...
2024-09-19T17:04:49 prefetch.3.0.9:  HTTPS download succeed
2024-09-19T17:04:49 prefetch.3.0.9: 10) 'ncbi-acc:CM000671.1?vdb-ctx=refseq' was downloaded successfully
2024-09-19T17:04:49 prefetch.3.0.9: 11) Downloading 'ncbi-acc:CM000672.1?vdb-ctx=refseq'...
2024-09-19T17:04:49 prefetch.3.0.9:  Downloading via HTTPS...
2024-09-19T17:04:53 prefetch.3.0.9:  HTTPS download succeed
2024-09-19T17:04:53 prefetch.3.0.9: 11) 'ncbi-acc:CM000672.1?vdb-ctx=refseq' was downloaded successfully
2024-09-19T17:04:53 prefetch.3.0.9: 12) Downloading 'ncbi-acc:CM000673.1?vdb-ctx=refseq'...
2024-09-19T17:04:53 prefetch.3.0.9:  Downloading via HTTPS...
2024-09-19T17:04:55 prefetch.3.0.9:  HTTPS download succeed
2024-09-19T17:04:55 prefetch.3.0.9: 12) 'ncbi-acc:CM000673.1?vdb-ctx=refseq' was downloaded successfully
2024-09-19T17:04:55 prefetch.3.0.9: 13) Downloading 'ncbi-acc:CM000674.1?vdb-ctx=refseq'...
2024-09-19T17:04:55 prefetch.3.0.9:  Downloading via HTTPS...
2024-09-19T17:04:58 prefetch.3.0.9:  HTTPS download succeed
2024-09-19T17:04:58 prefetch.3.0.9: 13) 'ncbi-acc:CM000674.1?vdb-ctx=refseq' was downloaded successfully
2024-09-19T17:04:58 prefetch.3.0.9: 14) Downloading 'ncbi-acc:CM000675.1?vdb-ctx=refseq'...
2024-09-19T17:04:58 prefetch.3.0.9:  Downloading via HTTPS...
2024-09-19T17:05:01 prefetch.3.0.9:  HTTPS download succeed
2024-09-19T17:05:01 prefetch.3.0.9: 14) 'ncbi-acc:CM000675.1?vdb-ctx=refseq' was downloaded successfully
2024-09-19T17:05:01 prefetch.3.0.9: 15) Downloading 'ncbi-acc:CM000676.1?vdb-ctx=refseq'...
2024-09-19T17:05:01 prefetch.3.0.9:  Downloading via HTTPS...
2024-09-19T17:05:03 prefetch.3.0.9:  HTTPS download succeed
2024-09-19T17:05:03 prefetch.3.0.9: 15) 'ncbi-acc:CM000676.1?vdb-ctx=refseq' was downloaded successfully
2024-09-19T17:05:03 prefetch.3.0.9: 16) Downloading 'ncbi-acc:CM000677.1?vdb-ctx=refseq'...
2024-09-19T17:05:03 prefetch.3.0.9:  Downloading via HTTPS...
2024-09-19T17:05:04 prefetch.3.0.9:  HTTPS download succeed
2024-09-19T17:05:04 prefetch.3.0.9: 16) 'ncbi-acc:CM000677.1?vdb-ctx=refseq' was downloaded successfully
2024-09-19T17:05:04 prefetch.3.0.9: 17) Downloading 'ncbi-acc:CM000678.1?vdb-ctx=refseq'...
2024-09-19T17:05:04 prefetch.3.0.9:  Downloading via HTTPS...
2024-09-19T17:05:06 prefetch.3.0.9:  HTTPS download succeed
2024-09-19T17:05:06 prefetch.3.0.9: 17) 'ncbi-acc:CM000678.1?vdb-ctx=refseq' was downloaded successfully
2024-09-19T17:05:06 prefetch.3.0.9: 18) Downloading 'ncbi-acc:CM000679.1?vdb-ctx=refseq'...
2024-09-19T17:05:06 prefetch.3.0.9:  Downloading via HTTPS...
2024-09-19T17:05:07 prefetch.3.0.9:  HTTPS download succeed
2024-09-19T17:05:07 prefetch.3.0.9: 18) 'ncbi-acc:CM000679.1?vdb-ctx=refseq' was downloaded successfully
2024-09-19T17:05:07 prefetch.3.0.9: 19) Downloading 'ncbi-acc:CM000680.1?vdb-ctx=refseq'...
2024-09-19T17:05:07 prefetch.3.0.9:  Downloading via HTTPS...
2024-09-19T17:05:09 prefetch.3.0.9:  HTTPS download succeed
2024-09-19T17:05:09 prefetch.3.0.9: 19) 'ncbi-acc:CM000680.1?vdb-ctx=refseq' was downloaded successfully
2024-09-19T17:05:09 prefetch.3.0.9: 20) Downloading 'ncbi-acc:CM000681.1?vdb-ctx=refseq'...
2024-09-19T17:05:09 prefetch.3.0.9:  Downloading via HTTPS...
2024-09-19T17:05:10 prefetch.3.0.9:  HTTPS download succeed
2024-09-19T17:05:10 prefetch.3.0.9: 20) 'ncbi-acc:CM000681.1?vdb-ctx=refseq' was downloaded successfully
2024-09-19T17:05:10 prefetch.3.0.9: 21) Downloading 'ncbi-acc:CM000682.1?vdb-ctx=refseq'...
2024-09-19T17:05:10 prefetch.3.0.9:  Downloading via HTTPS...
2024-09-19T17:05:12 prefetch.3.0.9:  HTTPS download succeed
2024-09-19T17:05:12 prefetch.3.0.9: 21) 'ncbi-acc:CM000682.1?vdb-ctx=refseq' was downloaded successfully
2024-09-19T17:05:12 prefetch.3.0.9: 22) Downloading 'ncbi-acc:CM000683.1?vdb-ctx=refseq'...
2024-09-19T17:05:12 prefetch.3.0.9:  Downloading via HTTPS...
2024-09-19T17:05:13 prefetch.3.0.9:  HTTPS download succeed
2024-09-19T17:05:13 prefetch.3.0.9: 22) 'ncbi-acc:CM000683.1?vdb-ctx=refseq' was downloaded successfully
2024-09-19T17:05:13 prefetch.3.0.9: 23) Downloading 'ncbi-acc:CM000684.1?vdb-ctx=refseq'...
2024-09-19T17:05:13 prefetch.3.0.9:  Downloading via HTTPS...
2024-09-19T17:05:14 prefetch.3.0.9:  HTTPS download succeed
2024-09-19T17:05:14 prefetch.3.0.9: 23) 'ncbi-acc:CM000684.1?vdb-ctx=refseq' was downloaded successfully
2024-09-19T17:05:14 prefetch.3.0.9: 24) Downloading 'ncbi-acc:CM000685.1?vdb-ctx=refseq'...
2024-09-19T17:05:14 prefetch.3.0.9:  Downloading via HTTPS...
2024-09-19T17:05:16 prefetch.3.0.9:  HTTPS download succeed
2024-09-19T17:05:16 prefetch.3.0.9: 24) 'ncbi-acc:CM000685.1?vdb-ctx=refseq' was downloaded successfully
2024-09-19T17:05:16 prefetch.3.0.9: 25) Downloading 'ncbi-acc:CM000686.1?vdb-ctx=refseq'...
2024-09-19T17:05:16 prefetch.3.0.9:  Downloading via HTTPS...
2024-09-19T17:05:16 prefetch.3.0.9:  HTTPS download succeed
2024-09-19T17:05:16 prefetch.3.0.9: 25) 'ncbi-acc:CM000686.1?vdb-ctx=refseq' was downloaded successfully
2024-09-19T17:05:16 prefetch.3.0.9: 26) Downloading 'ncbi-acc:GL000191.1?vdb-ctx=refseq'...
2024-09-19T17:05:16 prefetch.3.0.9:  Downloading via HTTPS...
2024-09-19T17:05:17 prefetch.3.0.9:  HTTPS download succeed
2024-09-19T17:05:17 prefetch.3.0.9: 26) 'ncbi-acc:GL000191.1?vdb-ctx=refseq' was downloaded successfully
2024-09-19T17:05:17 prefetch.3.0.9: 27) Downloading 'ncbi-acc:GL000192.1?vdb-ctx=refseq'...
2024-09-19T17:05:17 prefetch.3.0.9:  Downloading via HTTPS...
2024-09-19T17:05:17 prefetch.3.0.9:  HTTPS download succeed
2024-09-19T17:05:17 prefetch.3.0.9: 27) 'ncbi-acc:GL000192.1?vdb-ctx=refseq' was downloaded successfully
2024-09-19T17:05:17 prefetch.3.0.9: 28) Downloading 'ncbi-acc:GL000193.1?vdb-ctx=refseq'...
2024-09-19T17:05:17 prefetch.3.0.9:  Downloading via HTTPS...
2024-09-19T17:05:17 prefetch.3.0.9:  HTTPS download succeed
2024-09-19T17:05:17 prefetch.3.0.9: 28) 'ncbi-acc:GL000193.1?vdb-ctx=refseq' was downloaded successfully
2024-09-19T17:05:17 prefetch.3.0.9: 29) Downloading 'ncbi-acc:GL000194.1?vdb-ctx=refseq'...
2024-09-19T17:05:17 prefetch.3.0.9:  Downloading via HTTPS...
2024-09-19T17:05:17 prefetch.3.0.9:  HTTPS download succeed
2024-09-19T17:05:17 prefetch.3.0.9: 29) 'ncbi-acc:GL000194.1?vdb-ctx=refseq' was downloaded successfully
2024-09-19T17:05:17 prefetch.3.0.9: 30) Downloading 'ncbi-acc:GL000195.1?vdb-ctx=refseq'...
2024-09-19T17:05:17 prefetch.3.0.9:  Downloading via HTTPS...
2024-09-19T17:05:17 prefetch.3.0.9:  HTTPS download succeed
2024-09-19T17:05:17 prefetch.3.0.9: 30) 'ncbi-acc:GL000195.1?vdb-ctx=refseq' was downloaded successfully
2024-09-19T17:05:17 prefetch.3.0.9: 31) Downloading 'ncbi-acc:GL000196.1?vdb-ctx=refseq'...
2024-09-19T17:05:17 prefetch.3.0.9:  Downloading via HTTPS...
2024-09-19T17:05:17 prefetch.3.0.9:  HTTPS download succeed
2024-09-19T17:05:17 prefetch.3.0.9: 31) 'ncbi-acc:GL000196.1?vdb-ctx=refseq' was downloaded successfully
2024-09-19T17:05:17 prefetch.3.0.9: 32) Downloading 'ncbi-acc:GL000197.1?vdb-ctx=refseq'...
2024-09-19T17:05:17 prefetch.3.0.9:  Downloading via HTTPS...
2024-09-19T17:05:18 prefetch.3.0.9:  HTTPS download succeed
2024-09-19T17:05:18 prefetch.3.0.9: 32) 'ncbi-acc:GL000197.1?vdb-ctx=refseq' was downloaded successfully
2024-09-19T17:05:18 prefetch.3.0.9: 33) Downloading 'ncbi-acc:GL000198.1?vdb-ctx=refseq'...
2024-09-19T17:05:18 prefetch.3.0.9:  Downloading via HTTPS...
2024-09-19T17:05:18 prefetch.3.0.9:  HTTPS download succeed
2024-09-19T17:05:18 prefetch.3.0.9: 33) 'ncbi-acc:GL000198.1?vdb-ctx=refseq' was downloaded successfully
2024-09-19T17:05:18 prefetch.3.0.9: 34) Downloading 'ncbi-acc:GL000199.1?vdb-ctx=refseq'...
2024-09-19T17:05:18 prefetch.3.0.9:  Downloading via HTTPS...
2024-09-19T17:05:18 prefetch.3.0.9:  HTTPS download succeed
2024-09-19T17:05:18 prefetch.3.0.9: 34) 'ncbi-acc:GL000199.1?vdb-ctx=refseq' was downloaded successfully
2024-09-19T17:05:18 prefetch.3.0.9: 35) Downloading 'ncbi-acc:GL000200.1?vdb-ctx=refseq'...
2024-09-19T17:05:18 prefetch.3.0.9:  Downloading via HTTPS...
2024-09-19T17:05:18 prefetch.3.0.9:  HTTPS download succeed
2024-09-19T17:05:18 prefetch.3.0.9: 35) 'ncbi-acc:GL000200.1?vdb-ctx=refseq' was downloaded successfully
2024-09-19T17:05:18 prefetch.3.0.9: 36) Downloading 'ncbi-acc:GL000201.1?vdb-ctx=refseq'...
2024-09-19T17:05:18 prefetch.3.0.9:  Downloading via HTTPS...
2024-09-19T17:05:18 prefetch.3.0.9:  HTTPS download succeed
2024-09-19T17:05:18 prefetch.3.0.9: 36) 'ncbi-acc:GL000201.1?vdb-ctx=refseq' was downloaded successfully
2024-09-19T17:05:18 prefetch.3.0.9: 37) Downloading 'ncbi-acc:GL000202.1?vdb-ctx=refseq'...
2024-09-19T17:05:18 prefetch.3.0.9:  Downloading via HTTPS...
2024-09-19T17:05:18 prefetch.3.0.9:  HTTPS download succeed
2024-09-19T17:05:18 prefetch.3.0.9: 37) 'ncbi-acc:GL000202.1?vdb-ctx=refseq' was downloaded successfully
2024-09-19T17:05:18 prefetch.3.0.9: 38) Downloading 'ncbi-acc:GL000203.1?vdb-ctx=refseq'...
2024-09-19T17:05:18 prefetch.3.0.9:  Downloading via HTTPS...
2024-09-19T17:05:19 prefetch.3.0.9:  HTTPS download succeed
2024-09-19T17:05:19 prefetch.3.0.9: 38) 'ncbi-acc:GL000203.1?vdb-ctx=refseq' was downloaded successfully
2024-09-19T17:05:19 prefetch.3.0.9: 39) Downloading 'ncbi-acc:GL000204.1?vdb-ctx=refseq'...
2024-09-19T17:05:19 prefetch.3.0.9:  Downloading via HTTPS...
2024-09-19T17:05:19 prefetch.3.0.9:  HTTPS download succeed
2024-09-19T17:05:19 prefetch.3.0.9: 39) 'ncbi-acc:GL000204.1?vdb-ctx=refseq' was downloaded successfully
2024-09-19T17:05:19 prefetch.3.0.9: 40) Downloading 'ncbi-acc:GL000205.1?vdb-ctx=refseq'...
2024-09-19T17:05:19 prefetch.3.0.9:  Downloading via HTTPS...
2024-09-19T17:05:19 prefetch.3.0.9:  HTTPS download succeed
2024-09-19T17:05:19 prefetch.3.0.9: 40) 'ncbi-acc:GL000205.1?vdb-ctx=refseq' was downloaded successfully
2024-09-19T17:05:19 prefetch.3.0.9: 41) Downloading 'ncbi-acc:GL000206.1?vdb-ctx=refseq'...
2024-09-19T17:05:19 prefetch.3.0.9:  Downloading via HTTPS...
2024-09-19T17:05:19 prefetch.3.0.9:  HTTPS download succeed
2024-09-19T17:05:19 prefetch.3.0.9: 41) 'ncbi-acc:GL000206.1?vdb-ctx=refseq' was downloaded successfully
2024-09-19T17:05:19 prefetch.3.0.9: 42) Downloading 'ncbi-acc:GL000208.1?vdb-ctx=refseq'...
2024-09-19T17:05:19 prefetch.3.0.9:  Downloading via HTTPS...
2024-09-19T17:05:19 prefetch.3.0.9:  HTTPS download succeed
2024-09-19T17:05:19 prefetch.3.0.9: 42) 'ncbi-acc:GL000208.1?vdb-ctx=refseq' was downloaded successfully
2024-09-19T17:05:19 prefetch.3.0.9: 43) Downloading 'ncbi-acc:GL000209.1?vdb-ctx=refseq'...
2024-09-19T17:05:19 prefetch.3.0.9:  Downloading via HTTPS...
2024-09-19T17:05:20 prefetch.3.0.9:  HTTPS download succeed
2024-09-19T17:05:20 prefetch.3.0.9: 43) 'ncbi-acc:GL000209.1?vdb-ctx=refseq' was downloaded successfully
2024-09-19T17:05:20 prefetch.3.0.9: 44) Downloading 'ncbi-acc:GL000210.1?vdb-ctx=refseq'...
2024-09-19T17:05:20 prefetch.3.0.9:  Downloading via HTTPS...
2024-09-19T17:05:20 prefetch.3.0.9:  HTTPS download succeed
2024-09-19T17:05:20 prefetch.3.0.9: 44) 'ncbi-acc:GL000210.1?vdb-ctx=refseq' was downloaded successfully
2024-09-19T17:05:20 prefetch.3.0.9: 45) Downloading 'ncbi-acc:GL000211.1?vdb-ctx=refseq'...
2024-09-19T17:05:20 prefetch.3.0.9:  Downloading via HTTPS...
2024-09-19T17:05:20 prefetch.3.0.9:  HTTPS download succeed
2024-09-19T17:05:20 prefetch.3.0.9: 45) 'ncbi-acc:GL000211.1?vdb-ctx=refseq' was downloaded successfully
2024-09-19T17:05:20 prefetch.3.0.9: 46) Downloading 'ncbi-acc:GL000212.1?vdb-ctx=refseq'...
2024-09-19T17:05:20 prefetch.3.0.9:  Downloading via HTTPS...
2024-09-19T17:05:20 prefetch.3.0.9:  HTTPS download succeed
2024-09-19T17:05:20 prefetch.3.0.9: 46) 'ncbi-acc:GL000212.1?vdb-ctx=refseq' was downloaded successfully
2024-09-19T17:05:20 prefetch.3.0.9: 47) Downloading 'ncbi-acc:GL000213.1?vdb-ctx=refseq'...
2024-09-19T17:05:20 prefetch.3.0.9:  Downloading via HTTPS...
2024-09-19T17:05:20 prefetch.3.0.9:  HTTPS download succeed
2024-09-19T17:05:20 prefetch.3.0.9: 47) 'ncbi-acc:GL000213.1?vdb-ctx=refseq' was downloaded successfully
2024-09-19T17:05:20 prefetch.3.0.9: 48) Downloading 'ncbi-acc:GL000214.1?vdb-ctx=refseq'...
2024-09-19T17:05:20 prefetch.3.0.9:  Downloading via HTTPS...
2024-09-19T17:05:20 prefetch.3.0.9:  HTTPS download succeed
2024-09-19T17:05:20 prefetch.3.0.9: 48) 'ncbi-acc:GL000214.1?vdb-ctx=refseq' was downloaded successfully
2024-09-19T17:05:20 prefetch.3.0.9: 49) Downloading 'ncbi-acc:GL000215.1?vdb-ctx=refseq'...
2024-09-19T17:05:20 prefetch.3.0.9:  Downloading via HTTPS...
2024-09-19T17:05:21 prefetch.3.0.9:  HTTPS download succeed
2024-09-19T17:05:21 prefetch.3.0.9: 49) 'ncbi-acc:GL000215.1?vdb-ctx=refseq' was downloaded successfully
2024-09-19T17:05:21 prefetch.3.0.9: 50) Downloading 'ncbi-acc:GL000216.1?vdb-ctx=refseq'...
2024-09-19T17:05:21 prefetch.3.0.9:  Downloading via HTTPS...
2024-09-19T17:05:21 prefetch.3.0.9:  HTTPS download succeed
2024-09-19T17:05:21 prefetch.3.0.9: 50) 'ncbi-acc:GL000216.1?vdb-ctx=refseq' was downloaded successfully
2024-09-19T17:05:21 prefetch.3.0.9: 51) Downloading 'ncbi-acc:GL000217.1?vdb-ctx=refseq'...
2024-09-19T17:05:21 prefetch.3.0.9:  Downloading via HTTPS...
2024-09-19T17:05:21 prefetch.3.0.9:  HTTPS download succeed
2024-09-19T17:05:21 prefetch.3.0.9: 51) 'ncbi-acc:GL000217.1?vdb-ctx=refseq' was downloaded successfully
2024-09-19T17:05:21 prefetch.3.0.9: 52) Downloading 'ncbi-acc:GL000218.1?vdb-ctx=refseq'...
2024-09-19T17:05:21 prefetch.3.0.9:  Downloading via HTTPS...
2024-09-19T17:05:21 prefetch.3.0.9:  HTTPS download succeed
2024-09-19T17:05:21 prefetch.3.0.9: 52) 'ncbi-acc:GL000218.1?vdb-ctx=refseq' was downloaded successfully
2024-09-19T17:05:21 prefetch.3.0.9: 53) Downloading 'ncbi-acc:GL000219.1?vdb-ctx=refseq'...
2024-09-19T17:05:21 prefetch.3.0.9:  Downloading via HTTPS...
2024-09-19T17:05:21 prefetch.3.0.9:  HTTPS download succeed
2024-09-19T17:05:21 prefetch.3.0.9: 53) 'ncbi-acc:GL000219.1?vdb-ctx=refseq' was downloaded successfully
2024-09-19T17:05:21 prefetch.3.0.9: 54) Downloading 'ncbi-acc:GL000220.1?vdb-ctx=refseq'...
2024-09-19T17:05:21 prefetch.3.0.9:  Downloading via HTTPS...
2024-09-19T17:05:21 prefetch.3.0.9:  HTTPS download succeed
2024-09-19T17:05:21 prefetch.3.0.9: 54) 'ncbi-acc:GL000220.1?vdb-ctx=refseq' was downloaded successfully
2024-09-19T17:05:21 prefetch.3.0.9: 55) Downloading 'ncbi-acc:GL000221.1?vdb-ctx=refseq'...
2024-09-19T17:05:21 prefetch.3.0.9:  Downloading via HTTPS...
2024-09-19T17:05:22 prefetch.3.0.9:  HTTPS download succeed
2024-09-19T17:05:22 prefetch.3.0.9: 55) 'ncbi-acc:GL000221.1?vdb-ctx=refseq' was downloaded successfully
2024-09-19T17:05:22 prefetch.3.0.9: 56) Downloading 'ncbi-acc:GL000222.1?vdb-ctx=refseq'...
2024-09-19T17:05:22 prefetch.3.0.9:  Downloading via HTTPS...
2024-09-19T17:05:22 prefetch.3.0.9:  HTTPS download succeed
2024-09-19T17:05:22 prefetch.3.0.9: 56) 'ncbi-acc:GL000222.1?vdb-ctx=refseq' was downloaded successfully
2024-09-19T17:05:22 prefetch.3.0.9: 57) Downloading 'ncbi-acc:GL000223.1?vdb-ctx=refseq'...
2024-09-19T17:05:22 prefetch.3.0.9:  Downloading via HTTPS...
2024-09-19T17:05:22 prefetch.3.0.9:  HTTPS download succeed
2024-09-19T17:05:22 prefetch.3.0.9: 57) 'ncbi-acc:GL000223.1?vdb-ctx=refseq' was downloaded successfully
2024-09-19T17:05:22 prefetch.3.0.9: 58) Downloading 'ncbi-acc:GL000224.1?vdb-ctx=refseq'...
2024-09-19T17:05:22 prefetch.3.0.9:  Downloading via HTTPS...
2024-09-19T17:05:22 prefetch.3.0.9:  HTTPS download succeed
2024-09-19T17:05:22 prefetch.3.0.9: 58) 'ncbi-acc:GL000224.1?vdb-ctx=refseq' was downloaded successfully
2024-09-19T17:05:22 prefetch.3.0.9: 59) Downloading 'ncbi-acc:GL000225.1?vdb-ctx=refseq'...
2024-09-19T17:05:22 prefetch.3.0.9:  Downloading via HTTPS...
2024-09-19T17:05:22 prefetch.3.0.9:  HTTPS download succeed
2024-09-19T17:05:22 prefetch.3.0.9: 59) 'ncbi-acc:GL000225.1?vdb-ctx=refseq' was downloaded successfully
2024-09-19T17:05:22 prefetch.3.0.9: 60) Downloading 'ncbi-acc:GL000226.1?vdb-ctx=refseq'...
2024-09-19T17:05:22 prefetch.3.0.9:  Downloading via HTTPS...
2024-09-19T17:05:22 prefetch.3.0.9:  HTTPS download succeed
2024-09-19T17:05:22 prefetch.3.0.9: 60) 'ncbi-acc:GL000226.1?vdb-ctx=refseq' was downloaded successfully
2024-09-19T17:05:22 prefetch.3.0.9: 61) Downloading 'ncbi-acc:GL000227.1?vdb-ctx=refseq'...
2024-09-19T17:05:22 prefetch.3.0.9:  Downloading via HTTPS...
2024-09-19T17:05:23 prefetch.3.0.9:  HTTPS download succeed
2024-09-19T17:05:23 prefetch.3.0.9: 61) 'ncbi-acc:GL000227.1?vdb-ctx=refseq' was downloaded successfully
2024-09-19T17:05:23 prefetch.3.0.9: 62) Downloading 'ncbi-acc:GL000228.1?vdb-ctx=refseq'...
2024-09-19T17:05:23 prefetch.3.0.9:  Downloading via HTTPS...
2024-09-19T17:05:23 prefetch.3.0.9:  HTTPS download succeed
2024-09-19T17:05:23 prefetch.3.0.9: 62) 'ncbi-acc:GL000228.1?vdb-ctx=refseq' was downloaded successfully
2024-09-19T17:05:23 prefetch.3.0.9: 63) Downloading 'ncbi-acc:GL000229.1?vdb-ctx=refseq'...
2024-09-19T17:05:23 prefetch.3.0.9:  Downloading via HTTPS...
2024-09-19T17:05:23 prefetch.3.0.9:  HTTPS download succeed
2024-09-19T17:05:23 prefetch.3.0.9: 63) 'ncbi-acc:GL000229.1?vdb-ctx=refseq' was downloaded successfully
2024-09-19T17:05:23 prefetch.3.0.9: 64) Downloading 'ncbi-acc:GL000230.1?vdb-ctx=refseq'...
2024-09-19T17:05:23 prefetch.3.0.9:  Downloading via HTTPS...
2024-09-19T17:05:23 prefetch.3.0.9:  HTTPS download succeed
2024-09-19T17:05:23 prefetch.3.0.9: 64) 'ncbi-acc:GL000230.1?vdb-ctx=refseq' was downloaded successfully
2024-09-19T17:05:23 prefetch.3.0.9: 65) Downloading 'ncbi-acc:GL000231.1?vdb-ctx=refseq'...
2024-09-19T17:05:23 prefetch.3.0.9:  Downloading via HTTPS...
2024-09-19T17:05:23 prefetch.3.0.9:  HTTPS download succeed
2024-09-19T17:05:23 prefetch.3.0.9: 65) 'ncbi-acc:GL000231.1?vdb-ctx=refseq' was downloaded successfully
2024-09-19T17:05:23 prefetch.3.0.9: 66) Downloading 'ncbi-acc:GL000232.1?vdb-ctx=refseq'...
2024-09-19T17:05:23 prefetch.3.0.9:  Downloading via HTTPS...
2024-09-19T17:05:23 prefetch.3.0.9:  HTTPS download succeed
2024-09-19T17:05:23 prefetch.3.0.9: 66) 'ncbi-acc:GL000232.1?vdb-ctx=refseq' was downloaded successfully
2024-09-19T17:05:23 prefetch.3.0.9: 67) Downloading 'ncbi-acc:GL000233.1?vdb-ctx=refseq'...
2024-09-19T17:05:23 prefetch.3.0.9:  Downloading via HTTPS...
2024-09-19T17:05:24 prefetch.3.0.9:  HTTPS download succeed
2024-09-19T17:05:24 prefetch.3.0.9: 67) 'ncbi-acc:GL000233.1?vdb-ctx=refseq' was downloaded successfully
2024-09-19T17:05:24 prefetch.3.0.9: 68) Downloading 'ncbi-acc:GL000234.1?vdb-ctx=refseq'...
2024-09-19T17:05:24 prefetch.3.0.9:  Downloading via HTTPS...
2024-09-19T17:05:24 prefetch.3.0.9:  HTTPS download succeed
2024-09-19T17:05:24 prefetch.3.0.9: 68) 'ncbi-acc:GL000234.1?vdb-ctx=refseq' was downloaded successfully
2024-09-19T17:05:24 prefetch.3.0.9: 69) Downloading 'ncbi-acc:GL000235.1?vdb-ctx=refseq'...
2024-09-19T17:05:24 prefetch.3.0.9:  Downloading via HTTPS...
2024-09-19T17:05:24 prefetch.3.0.9:  HTTPS download succeed
2024-09-19T17:05:24 prefetch.3.0.9: 69) 'ncbi-acc:GL000235.1?vdb-ctx=refseq' was downloaded successfully
2024-09-19T17:05:24 prefetch.3.0.9: 70) Downloading 'ncbi-acc:GL000236.1?vdb-ctx=refseq'...
2024-09-19T17:05:24 prefetch.3.0.9:  Downloading via HTTPS...
2024-09-19T17:05:24 prefetch.3.0.9:  HTTPS download succeed
2024-09-19T17:05:24 prefetch.3.0.9: 70) 'ncbi-acc:GL000236.1?vdb-ctx=refseq' was downloaded successfully
2024-09-19T17:05:24 prefetch.3.0.9: 71) Downloading 'ncbi-acc:GL000237.1?vdb-ctx=refseq'...
2024-09-19T17:05:24 prefetch.3.0.9:  Downloading via HTTPS...
2024-09-19T17:05:24 prefetch.3.0.9:  HTTPS download succeed
2024-09-19T17:05:24 prefetch.3.0.9: 71) 'ncbi-acc:GL000237.1?vdb-ctx=refseq' was downloaded successfully
2024-09-19T17:05:24 prefetch.3.0.9: 72) Downloading 'ncbi-acc:GL000238.1?vdb-ctx=refseq'...
2024-09-19T17:05:24 prefetch.3.0.9:  Downloading via HTTPS...
2024-09-19T17:05:24 prefetch.3.0.9:  HTTPS download succeed
2024-09-19T17:05:24 prefetch.3.0.9: 72) 'ncbi-acc:GL000238.1?vdb-ctx=refseq' was downloaded successfully
2024-09-19T17:05:24 prefetch.3.0.9: 73) Downloading 'ncbi-acc:GL000239.1?vdb-ctx=refseq'...
2024-09-19T17:05:24 prefetch.3.0.9:  Downloading via HTTPS...
2024-09-19T17:05:24 prefetch.3.0.9:  HTTPS download succeed
2024-09-19T17:05:24 prefetch.3.0.9: 73) 'ncbi-acc:GL000239.1?vdb-ctx=refseq' was downloaded successfully
2024-09-19T17:05:24 prefetch.3.0.9: 74) Downloading 'ncbi-acc:GL000240.1?vdb-ctx=refseq'...
2024-09-19T17:05:24 prefetch.3.0.9:  Downloading via HTTPS...
2024-09-19T17:05:25 prefetch.3.0.9:  HTTPS download succeed
2024-09-19T17:05:25 prefetch.3.0.9: 74) 'ncbi-acc:GL000240.1?vdb-ctx=refseq' was downloaded successfully
2024-09-19T17:05:25 prefetch.3.0.9: 75) Downloading 'ncbi-acc:GL000241.1?vdb-ctx=refseq'...
2024-09-19T17:05:25 prefetch.3.0.9:  Downloading via HTTPS...
2024-09-19T17:05:25 prefetch.3.0.9:  HTTPS download succeed
2024-09-19T17:05:25 prefetch.3.0.9: 75) 'ncbi-acc:GL000241.1?vdb-ctx=refseq' was downloaded successfully
2024-09-19T17:05:25 prefetch.3.0.9: 76) Downloading 'ncbi-acc:GL000242.1?vdb-ctx=refseq'...
2024-09-19T17:05:25 prefetch.3.0.9:  Downloading via HTTPS...
2024-09-19T17:05:25 prefetch.3.0.9:  HTTPS download succeed
2024-09-19T17:05:25 prefetch.3.0.9: 76) 'ncbi-acc:GL000242.1?vdb-ctx=refseq' was downloaded successfully
2024-09-19T17:05:25 prefetch.3.0.9: 77) Downloading 'ncbi-acc:GL000243.1?vdb-ctx=refseq'...
2024-09-19T17:05:25 prefetch.3.0.9:  Downloading via HTTPS...
2024-09-19T17:05:25 prefetch.3.0.9:  HTTPS download succeed
2024-09-19T17:05:25 prefetch.3.0.9: 77) 'ncbi-acc:GL000243.1?vdb-ctx=refseq' was downloaded successfully
2024-09-19T17:05:25 prefetch.3.0.9: 78) Downloading 'ncbi-acc:GL000244.1?vdb-ctx=refseq'...
2024-09-19T17:05:25 prefetch.3.0.9:  Downloading via HTTPS...
2024-09-19T17:05:25 prefetch.3.0.9:  HTTPS download succeed
2024-09-19T17:05:25 prefetch.3.0.9: 78) 'ncbi-acc:GL000244.1?vdb-ctx=refseq' was downloaded successfully
2024-09-19T17:05:25 prefetch.3.0.9: 79) Downloading 'ncbi-acc:GL000246.1?vdb-ctx=refseq'...
2024-09-19T17:05:25 prefetch.3.0.9:  Downloading via HTTPS...
2024-09-19T17:05:25 prefetch.3.0.9:  HTTPS download succeed
2024-09-19T17:05:25 prefetch.3.0.9: 79) 'ncbi-acc:GL000246.1?vdb-ctx=refseq' was downloaded successfully
2024-09-19T17:05:25 prefetch.3.0.9: 80) Downloading 'ncbi-acc:GL000247.1?vdb-ctx=refseq'...
2024-09-19T17:05:25 prefetch.3.0.9:  Downloading via HTTPS...
2024-09-19T17:05:25 prefetch.3.0.9:  HTTPS download succeed
2024-09-19T17:05:25 prefetch.3.0.9: 80) 'ncbi-acc:GL000247.1?vdb-ctx=refseq' was downloaded successfully
2024-09-19T17:05:25 prefetch.3.0.9: 81) Downloading 'ncbi-acc:GL000248.1?vdb-ctx=refseq'...
2024-09-19T17:05:25 prefetch.3.0.9:  Downloading via HTTPS...
2024-09-19T17:05:26 prefetch.3.0.9:  HTTPS download succeed
2024-09-19T17:05:26 prefetch.3.0.9: 81) 'ncbi-acc:GL000248.1?vdb-ctx=refseq' was downloaded successfully
2024-09-19T17:05:26 prefetch.3.0.9: 82) Downloading 'ncbi-acc:GL000249.1?vdb-ctx=refseq'...
2024-09-19T17:05:26 prefetch.3.0.9:  Downloading via HTTPS...
2024-09-19T17:05:26 prefetch.3.0.9:  HTTPS download succeed
2024-09-19T17:05:26 prefetch.3.0.9: 82) 'ncbi-acc:GL000249.1?vdb-ctx=refseq' was downloaded successfully
2024-09-19T17:05:26 prefetch.3.0.9: 83) Downloading 'ncbi-acc:NC_012920.1?vdb-ctx=refseq'...
2024-09-19T17:05:26 prefetch.3.0.9:  Downloading via HTTPS...
2024-09-19T17:05:26 prefetch.3.0.9:  HTTPS download succeed
2024-09-19T17:05:26 prefetch.3.0.9: 83) 'ncbi-acc:NC_012920.1?vdb-ctx=refseq' was downloaded successfully
slurmstepd: error: *** JOB 7031135 ON cac032 CANCELLED AT 2024-09-19T13:58:42 DUE TO TIME LIMIT ***
